mode: set
github.com/CarsonSlovoka/goldmark-highlighting/v2/main.go:18.52,20.2 1 1
github.com/CarsonSlovoka/goldmark-highlighting/v2/main.go:23.60,31.2 1 1
github.com/CarsonSlovoka/goldmark-highlighting/v2/renderer-config.go:29.42,32.2 2 0
github.com/CarsonSlovoka/goldmark-highlighting/v2/renderer-method.go:30.47,37.2 4 1
github.com/CarsonSlovoka/goldmark-highlighting/v2/renderer-method.go:41.100,43.22 1 1
github.com/CarsonSlovoka/goldmark-highlighting/v2/renderer-method.go:47.2,48.17 2 1
github.com/CarsonSlovoka/goldmark-highlighting/v2/renderer-method.go:53.2,56.23 4 1
github.com/CarsonSlovoka/goldmark-highlighting/v2/renderer-method.go:68.2,68.17 1 1
github.com/CarsonSlovoka/goldmark-highlighting/v2/renderer-method.go:72.2,75.50 3 1
github.com/CarsonSlovoka/goldmark-highlighting/v2/renderer-method.go:82.2,82.19 1 1
github.com/CarsonSlovoka/goldmark-highlighting/v2/renderer-method.go:90.2,91.21 2 1
github.com/CarsonSlovoka/goldmark-highlighting/v2/renderer-method.go:98.2,98.22 1 1
github.com/CarsonSlovoka/goldmark-highlighting/v2/renderer-method.go:115.2,115.20 1 1
github.com/CarsonSlovoka/goldmark-highlighting/v2/renderer-method.go:168.2,168.38 1 1
github.com/CarsonSlovoka/goldmark-highlighting/v2/renderer-method.go:171.2,171.31 1 1
github.com/CarsonSlovoka/goldmark-highlighting/v2/renderer-method.go:43.22,45.3 1 1
github.com/CarsonSlovoka/goldmark-highlighting/v2/renderer-method.go:48.17,50.3 1 0
github.com/CarsonSlovoka/goldmark-highlighting/v2/renderer-method.go:56.23,57.41 1 1
github.com/CarsonSlovoka/goldmark-highlighting/v2/renderer-method.go:57.41,58.42 1 1
github.com/CarsonSlovoka/goldmark-highlighting/v2/renderer-method.go:58.42,59.20 1 1
github.com/CarsonSlovoka/goldmark-highlighting/v2/renderer-method.go:62.5,63.10 2 1
github.com/CarsonSlovoka/goldmark-highlighting/v2/renderer-method.go:59.20,61.6 1 1
github.com/CarsonSlovoka/goldmark-highlighting/v2/renderer-method.go:68.17,70.3 1 1
github.com/CarsonSlovoka/goldmark-highlighting/v2/renderer-method.go:75.50,77.25 2 1
github.com/CarsonSlovoka/goldmark-highlighting/v2/renderer-method.go:77.25,79.4 1 1
github.com/CarsonSlovoka/goldmark-highlighting/v2/renderer-method.go:82.19,83.57 1 1
github.com/CarsonSlovoka/goldmark-highlighting/v2/renderer-method.go:83.57,85.4 1 1
github.com/CarsonSlovoka/goldmark-highlighting/v2/renderer-method.go:86.8,88.3 1 1
github.com/CarsonSlovoka/goldmark-highlighting/v2/renderer-method.go:91.21,92.52 1 1
github.com/CarsonSlovoka/goldmark-highlighting/v2/renderer-method.go:92.52,95.4 2 1
github.com/CarsonSlovoka/goldmark-highlighting/v2/renderer-method.go:99.11,100.14 1 0
github.com/CarsonSlovoka/goldmark-highlighting/v2/renderer-method.go:101.14,102.92 1 1
github.com/CarsonSlovoka/goldmark-highlighting/v2/renderer-method.go:103.11,104.14 1 0
github.com/CarsonSlovoka/goldmark-highlighting/v2/renderer-method.go:105.15,106.93 1 0
github.com/CarsonSlovoka/goldmark-highlighting/v2/renderer-method.go:107.15,109.95 2 1
github.com/CarsonSlovoka/goldmark-highlighting/v2/renderer-method.go:110.16,112.96 2 1
github.com/CarsonSlovoka/goldmark-highlighting/v2/renderer-method.go:115.20,123.31 5 1
github.com/CarsonSlovoka/goldmark-highlighting/v2/renderer-method.go:156.3,156.18 1 1
github.com/CarsonSlovoka/goldmark-highlighting/v2/renderer-method.go:165.3,165.95 1 1
github.com/CarsonSlovoka/goldmark-highlighting/v2/renderer-method.go:123.31,124.67 1 1
github.com/CarsonSlovoka/goldmark-highlighting/v2/renderer-method.go:129.4,129.30 1 1
github.com/CarsonSlovoka/goldmark-highlighting/v2/renderer-method.go:146.4,146.17 1 1
github.com/CarsonSlovoka/goldmark-highlighting/v2/renderer-method.go:151.4,152.12 2 1
github.com/CarsonSlovoka/goldmark-highlighting/v2/renderer-method.go:124.67,126.10 2 0
github.com/CarsonSlovoka/goldmark-highlighting/v2/renderer-method.go:129.30,130.20 1 1
github.com/CarsonSlovoka/goldmark-highlighting/v2/renderer-method.go:133.5,134.18 2 1
github.com/CarsonSlovoka/goldmark-highlighting/v2/renderer-method.go:140.5,143.13 4 1
github.com/CarsonSlovoka/goldmark-highlighting/v2/renderer-method.go:130.20,131.14 1 1
github.com/CarsonSlovoka/goldmark-highlighting/v2/renderer-method.go:134.18,136.6 1 1
github.com/CarsonSlovoka/goldmark-highlighting/v2/renderer-method.go:136.11,139.6 2 0
github.com/CarsonSlovoka/goldmark-highlighting/v2/renderer-method.go:146.17,148.13 2 1
github.com/CarsonSlovoka/goldmark-highlighting/v2/renderer-method.go:156.18,158.17 2 1
github.com/CarsonSlovoka/goldmark-highlighting/v2/renderer-method.go:158.17,160.5 1 0
github.com/CarsonSlovoka/goldmark-highlighting/v2/renderer-method.go:160.10,163.5 2 1
github.com/CarsonSlovoka/goldmark-highlighting/v2/renderer-method.go:168.38,170.3 1 1
github.com/CarsonSlovoka/goldmark-highlighting/v2/renderer-method.go:178.27,180.18 1 1
github.com/CarsonSlovoka/goldmark-highlighting/v2/renderer-method.go:183.2,187.16 4 1
github.com/CarsonSlovoka/goldmark-highlighting/v2/renderer-method.go:191.2,193.18 3 1
github.com/CarsonSlovoka/goldmark-highlighting/v2/renderer-method.go:198.2,206.30 4 1
github.com/CarsonSlovoka/goldmark-highlighting/v2/renderer-method.go:180.18,182.3 1 0
github.com/CarsonSlovoka/goldmark-highlighting/v2/renderer-method.go:187.16,189.3 1 0
github.com/CarsonSlovoka/goldmark-highlighting/v2/renderer-method.go:193.18,195.3 1 1
github.com/CarsonSlovoka/goldmark-highlighting/v2/renderer-method.go:210.128,211.15 1 1
github.com/CarsonSlovoka/goldmark-highlighting/v2/renderer-method.go:215.2,219.25 4 1
github.com/CarsonSlovoka/goldmark-highlighting/v2/renderer-method.go:224.2,227.64 2 1
github.com/CarsonSlovoka/goldmark-highlighting/v2/renderer-method.go:247.2,249.21 3 1
github.com/CarsonSlovoka/goldmark-highlighting/v2/renderer-method.go:260.2,260.39 1 1
github.com/CarsonSlovoka/goldmark-highlighting/v2/renderer-method.go:266.2,266.38 1 1
github.com/CarsonSlovoka/goldmark-highlighting/v2/renderer-method.go:211.15,213.3 1 1
github.com/CarsonSlovoka/goldmark-highlighting/v2/renderer-method.go:219.25,222.3 2 1
github.com/CarsonSlovoka/goldmark-highlighting/v2/renderer-method.go:227.64,229.3 1 1
github.com/CarsonSlovoka/goldmark-highlighting/v2/renderer-method.go:244.3,244.31 1 1
github.com/CarsonSlovoka/goldmark-highlighting/v2/renderer-method.go:229.3,230.23 1 1
github.com/CarsonSlovoka/goldmark-highlighting/v2/renderer-method.go:230.23,232.5 1 0
github.com/CarsonSlovoka/goldmark-highlighting/v2/renderer-method.go:232.10,234.5 1 1
github.com/CarsonSlovoka/goldmark-highlighting/v2/renderer-method.go:237.3,239.4 1 1
github.com/CarsonSlovoka/goldmark-highlighting/v2/renderer-method.go:241.3,243.4 1 1
github.com/CarsonSlovoka/goldmark-highlighting/v2/renderer-method.go:249.21,251.19 2 1
github.com/CarsonSlovoka/goldmark-highlighting/v2/renderer-method.go:251.19,257.4 1 1
github.com/CarsonSlovoka/goldmark-highlighting/v2/renderer-method.go:260.39,261.70 1 1
github.com/CarsonSlovoka/goldmark-highlighting/v2/renderer-method.go:261.70,263.4 1 1
github.com/CarsonSlovoka/goldmark-highlighting/v2/renderer.go:16.60,20.25 2 1
github.com/CarsonSlovoka/goldmark-highlighting/v2/renderer.go:24.2,24.43 1 1
github.com/CarsonSlovoka/goldmark-highlighting/v2/renderer.go:28.2,28.10 1 1
github.com/CarsonSlovoka/goldmark-highlighting/v2/renderer.go:20.25,22.3 1 1
github.com/CarsonSlovoka/goldmark-highlighting/v2/renderer.go:24.43,26.3 1 1
github.com/CarsonSlovoka/goldmark-highlighting/v2/renderer.go:31.79,33.2 1 1
